mode: atomic
gitlab.slade360emr.com/go/base/authentication.go:15.60,19.2 1 1
gitlab.slade360emr.com/go/base/authentication.go:25.94,27.16 2 1
gitlab.slade360emr.com/go/base/authentication.go:30.2,34.16 2 1
gitlab.slade360emr.com/go/base/authentication.go:37.2,40.16 3 1
gitlab.slade360emr.com/go/base/authentication.go:27.16,29.3 1 0
gitlab.slade360emr.com/go/base/authentication.go:34.16,36.3 1 0
gitlab.slade360emr.com/go/base/requests.go:13.128,16.2 2 4
gitlab.slade360emr.com/go/base/requests.go:21.130,23.2 1 3
gitlab.slade360emr.com/go/base/requests.go:26.109,28.20 2 7
gitlab.slade360emr.com/go/base/requests.go:31.2,33.16 3 7
gitlab.slade360emr.com/go/base/requests.go:37.2,38.16 2 4
gitlab.slade360emr.com/go/base/requests.go:41.2,41.12 1 3
gitlab.slade360emr.com/go/base/requests.go:28.20,30.3 1 3
gitlab.slade360emr.com/go/base/requests.go:33.16,35.3 1 3
gitlab.slade360emr.com/go/base/requests.go:38.16,40.3 1 1
gitlab.slade360emr.com/go/base/scalars.go:21.59,23.9 2 2
gitlab.slade360emr.com/go/base/scalars.go:26.2,27.12 2 1
gitlab.slade360emr.com/go/base/scalars.go:23.9,25.3 1 1
gitlab.slade360emr.com/go/base/scalars.go:31.48,33.2 1 1
gitlab.slade360emr.com/go/base/scalars.go:39.56,41.9 2 2
gitlab.slade360emr.com/go/base/scalars.go:44.2,45.12 2 1
gitlab.slade360emr.com/go/base/scalars.go:41.9,43.3 1 1
gitlab.slade360emr.com/go/base/scalars.go:49.45,51.2 1 1
gitlab.slade360emr.com/go/base/scalars.go:57.51,59.9 2 2
gitlab.slade360emr.com/go/base/scalars.go:62.2,63.12 2 1
gitlab.slade360emr.com/go/base/scalars.go:59.9,61.3 1 1
gitlab.slade360emr.com/go/base/scalars.go:67.40,69.2 1 1
gitlab.slade360emr.com/go/base/scalars.go:76.37,78.16 2 2
gitlab.slade360emr.com/go/base/scalars.go:81.2,81.10 1 1
gitlab.slade360emr.com/go/base/scalars.go:78.16,80.3 1 1
gitlab.slade360emr.com/go/base/scalars.go:85.55,87.9 2 2
gitlab.slade360emr.com/go/base/scalars.go:90.2,91.12 2 1
gitlab.slade360emr.com/go/base/scalars.go:87.9,89.3 1 1
gitlab.slade360emr.com/go/base/scalars.go:95.44,97.2 1 1
gitlab.slade360emr.com/go/base/scalars.go:103.54,105.9 2 2
gitlab.slade360emr.com/go/base/scalars.go:108.2,109.12 2 1
gitlab.slade360emr.com/go/base/scalars.go:105.9,107.3 1 1
gitlab.slade360emr.com/go/base/scalars.go:113.43,115.2 1 1
gitlab.slade360emr.com/go/base/scalars.go:121.55,123.9 2 2
gitlab.slade360emr.com/go/base/scalars.go:126.2,127.12 2 1
gitlab.slade360emr.com/go/base/scalars.go:123.9,125.3 1 1
gitlab.slade360emr.com/go/base/scalars.go:131.44,133.2 1 1
gitlab.slade360emr.com/go/base/scalars.go:139.50,141.9 2 2
gitlab.slade360emr.com/go/base/scalars.go:144.2,145.12 2 1
gitlab.slade360emr.com/go/base/scalars.go:141.9,143.3 1 1
gitlab.slade360emr.com/go/base/scalars.go:149.39,151.2 1 1
gitlab.slade360emr.com/go/base/scalars.go:157.50,159.9 2 2
gitlab.slade360emr.com/go/base/scalars.go:162.2,163.12 2 1
gitlab.slade360emr.com/go/base/scalars.go:159.9,161.3 1 1
gitlab.slade360emr.com/go/base/scalars.go:167.39,169.2 1 1
gitlab.slade360emr.com/go/base/scalars.go:175.50,177.9 2 3
gitlab.slade360emr.com/go/base/scalars.go:180.2,181.12 2 2
gitlab.slade360emr.com/go/base/scalars.go:185.2,186.12 2 1
gitlab.slade360emr.com/go/base/scalars.go:177.9,179.3 1 1
gitlab.slade360emr.com/go/base/scalars.go:181.12,184.3 2 1
gitlab.slade360emr.com/go/base/scalars.go:190.39,192.12 2 2
gitlab.slade360emr.com/go/base/scalars.go:197.2,197.51 1 1
gitlab.slade360emr.com/go/base/scalars.go:192.12,196.3 3 1
gitlab.slade360emr.com/go/base/scalars.go:204.51,206.9 2 2
gitlab.slade360emr.com/go/base/scalars.go:209.2,210.12 2 1
gitlab.slade360emr.com/go/base/scalars.go:206.9,208.3 1 1
gitlab.slade360emr.com/go/base/scalars.go:214.40,216.2 1 1
gitlab.slade360emr.com/go/base/scalars.go:222.52,224.9 2 2
gitlab.slade360emr.com/go/base/scalars.go:227.2,228.12 2 1
gitlab.slade360emr.com/go/base/scalars.go:224.9,226.3 1 1
gitlab.slade360emr.com/go/base/scalars.go:232.41,234.2 1 1
gitlab.slade360emr.com/go/base/scalars.go:240.36,243.2 2 3
gitlab.slade360emr.com/go/base/scalars.go:246.46,248.2 1 1
gitlab.slade360emr.com/go/base/scalars.go:251.54,253.9 2 3
gitlab.slade360emr.com/go/base/scalars.go:256.2,257.16 2 2
gitlab.slade360emr.com/go/base/scalars.go:261.2,263.12 3 1
gitlab.slade360emr.com/go/base/scalars.go:253.9,255.3 1 1
gitlab.slade360emr.com/go/base/scalars.go:257.16,260.3 1 1
gitlab.slade360emr.com/go/base/scalars.go:267.43,270.2 2 1
gitlab.slade360emr.com/go/base/scalars.go:273.51,280.16 3 8
gitlab.slade360emr.com/go/base/scalars.go:283.2,283.19 1 2
gitlab.slade360emr.com/go/base/scalars.go:280.16,282.3 1 6
gitlab.slade360emr.com/go/base/scalars.go:294.33,295.19 1 34
gitlab.slade360emr.com/go/base/scalars.go:299.2,299.19 1 27
gitlab.slade360emr.com/go/base/scalars.go:304.2,304.17 1 26
gitlab.slade360emr.com/go/base/scalars.go:308.2,308.18 1 25
gitlab.slade360emr.com/go/base/scalars.go:312.2,312.15 1 24
gitlab.slade360emr.com/go/base/scalars.go:316.2,316.16 1 23
gitlab.slade360emr.com/go/base/scalars.go:320.2,320.12 1 22
gitlab.slade360emr.com/go/base/scalars.go:295.19,297.3 1 7
gitlab.slade360emr.com/go/base/scalars.go:299.19,302.3 1 1
gitlab.slade360emr.com/go/base/scalars.go:304.17,306.3 1 1
gitlab.slade360emr.com/go/base/scalars.go:308.18,310.3 1 1
gitlab.slade360emr.com/go/base/scalars.go:312.15,314.3 1 1
gitlab.slade360emr.com/go/base/scalars.go:316.16,318.3 1 1
gitlab.slade360emr.com/go/base/scalars.go:324.34,335.2 1 11
gitlab.slade360emr.com/go/base/scalars.go:338.54,340.16 2 14
gitlab.slade360emr.com/go/base/scalars.go:343.2,345.8 3 11
gitlab.slade360emr.com/go/base/scalars.go:340.16,342.3 1 3
gitlab.slade360emr.com/go/base/scalars.go:348.31,360.2 2 4
gitlab.slade360emr.com/go/base/scalars.go:363.49,366.16 3 15
gitlab.slade360emr.com/go/base/scalars.go:369.2,372.37 4 12
gitlab.slade360emr.com/go/base/scalars.go:375.2,375.12 1 9
gitlab.slade360emr.com/go/base/scalars.go:366.16,368.3 1 3
gitlab.slade360emr.com/go/base/scalars.go:372.37,374.3 1 3
gitlab.slade360emr.com/go/base/scalars.go:379.50,381.9 2 6
gitlab.slade360emr.com/go/base/scalars.go:384.2,385.28 2 5
gitlab.slade360emr.com/go/base/scalars.go:381.9,383.3 1 1
gitlab.slade360emr.com/go/base/scalars.go:389.39,391.16 2 4
gitlab.slade360emr.com/go/base/scalars.go:396.2,396.20 1 4
gitlab.slade360emr.com/go/base/scalars.go:391.16,395.3 2 1
gitlab.slade360emr.com/go/base/scalars.go:400.45,402.16 2 8
gitlab.slade360emr.com/go/base/scalars.go:405.2,405.49 1 6
gitlab.slade360emr.com/go/base/scalars.go:402.16,404.3 1 2
gitlab.slade360emr.com/go/base/scalars.go:409.49,412.20 2 11
gitlab.slade360emr.com/go/base/scalars.go:415.2,416.42 2 10
gitlab.slade360emr.com/go/base/scalars.go:412.20,414.3 1 1
gitlab.slade360emr.com/go/base/short_links.go:22.72,24.16 2 1
gitlab.slade360emr.com/go/base/short_links.go:28.2,29.16 2 1
gitlab.slade360emr.com/go/base/short_links.go:33.2,41.16 4 1
gitlab.slade360emr.com/go/base/short_links.go:44.2,44.32 1 0
gitlab.slade360emr.com/go/base/short_links.go:24.16,26.3 1 0
gitlab.slade360emr.com/go/base/short_links.go:29.16,31.3 1 0
gitlab.slade360emr.com/go/base/short_links.go:41.16,43.3 1 1
gitlab.slade360emr.com/go/base/static.go:12.29,13.54 1 1
gitlab.slade360emr.com/go/base/static.go:13.54,16.3 2 1
gitlab.slade360emr.com/go/base/static.go:25.34,26.54 1 1
gitlab.slade360emr.com/go/base/static.go:26.54,29.3 2 1
gitlab.slade360emr.com/go/base/static.go:38.36,39.54 1 1
gitlab.slade360emr.com/go/base/static.go:39.54,42.3 2 1
gitlab.slade360emr.com/go/base/static.go:51.36,52.54 1 1
gitlab.slade360emr.com/go/base/static.go:52.54,55.3 2 1
gitlab.slade360emr.com/go/base/static.go:64.36,65.54 1 1
gitlab.slade360emr.com/go/base/static.go:65.54,68.3 2 1
gitlab.slade360emr.com/go/base/validators.go:26.69,27.33 1 4
gitlab.slade360emr.com/go/base/validators.go:31.2,31.11 1 3
gitlab.slade360emr.com/go/base/validators.go:42.2,42.12 1 3
gitlab.slade360emr.com/go/base/validators.go:27.33,29.3 1 1
gitlab.slade360emr.com/go/base/validators.go:31.11,38.17 3 3
gitlab.slade360emr.com/go/base/validators.go:38.17,40.4 1 0
gitlab.slade360emr.com/go/base/validators.go:48.53,50.16 2 13
gitlab.slade360emr.com/go/base/validators.go:53.2,56.21 4 12
gitlab.slade360emr.com/go/base/validators.go:50.16,52.3 1 1
gitlab.slade360emr.com/go/base/validators.go:61.48,63.16 2 3
gitlab.slade360emr.com/go/base/validators.go:66.2,68.16 3 2
gitlab.slade360emr.com/go/base/validators.go:63.16,65.3 1 1
gitlab.slade360emr.com/go/base/validators.go:75.66,79.16 2 8
gitlab.slade360emr.com/go/base/validators.go:84.2,84.12 1 7
gitlab.slade360emr.com/go/base/validators.go:98.2,107.16 4 4
gitlab.slade360emr.com/go/base/validators.go:110.2,110.20 1 4
gitlab.slade360emr.com/go/base/validators.go:114.2,114.27 1 1
gitlab.slade360emr.com/go/base/validators.go:124.2,124.24 1 1
gitlab.slade360emr.com/go/base/validators.go:79.16,81.3 1 1
gitlab.slade360emr.com/go/base/validators.go:84.12,91.17 3 3
gitlab.slade360emr.com/go/base/validators.go:94.3,94.25 1 3
gitlab.slade360emr.com/go/base/validators.go:91.17,93.4 1 0
gitlab.slade360emr.com/go/base/validators.go:107.16,109.3 1 0
gitlab.slade360emr.com/go/base/validators.go:110.20,112.3 1 3
gitlab.slade360emr.com/go/base/validators.go:114.27,119.17 4 1
gitlab.slade360emr.com/go/base/validators.go:119.17,121.4 1 0
gitlab.slade360emr.com/go/base/validators.go:131.53,134.16 2 3
gitlab.slade360emr.com/go/base/validators.go:137.2,137.11 1 2
gitlab.slade360emr.com/go/base/validators.go:148.2,148.23 1 2
gitlab.slade360emr.com/go/base/validators.go:134.16,136.3 1 1
gitlab.slade360emr.com/go/base/validators.go:137.11,144.17 3 1
gitlab.slade360emr.com/go/base/validators.go:144.17,146.4 1 0
gitlab.slade360emr.com/go/base/validators.go:152.53,153.22 1 2
gitlab.slade360emr.com/go/base/validators.go:158.2,158.14 1 1
gitlab.slade360emr.com/go/base/validators.go:153.22,154.13 1 6
gitlab.slade360emr.com/go/base/validators.go:154.13,156.4 1 1
gitlab.slade360emr.com/go/base/validators.go:162.44,163.22 1 2
gitlab.slade360emr.com/go/base/validators.go:168.2,168.14 1 1
gitlab.slade360emr.com/go/base/validators.go:163.22,164.13 1 17
gitlab.slade360emr.com/go/base/validators.go:164.13,166.4 1 1
gitlab.slade360emr.com/go/base/validators.go:175.72,177.23 2 6
gitlab.slade360emr.com/go/base/validators.go:181.2,183.16 3 5
gitlab.slade360emr.com/go/base/validators.go:186.2,186.27 1 4
gitlab.slade360emr.com/go/base/validators.go:190.2,192.16 3 3
gitlab.slade360emr.com/go/base/validators.go:195.2,195.31 1 2
gitlab.slade360emr.com/go/base/validators.go:199.2,199.23 1 1
gitlab.slade360emr.com/go/base/validators.go:177.23,179.3 1 1
gitlab.slade360emr.com/go/base/validators.go:183.16,185.3 1 1
gitlab.slade360emr.com/go/base/validators.go:186.27,188.3 1 1
gitlab.slade360emr.com/go/base/validators.go:192.16,194.3 1 1
gitlab.slade360emr.com/go/base/validators.go:195.31,197.3 1 1
gitlab.slade360emr.com/go/base/cursor.go:17.36,19.2 1 4
gitlab.slade360emr.com/go/base/cursor.go:22.42,24.16 2 4
gitlab.slade360emr.com/go/base/cursor.go:29.2,29.45 1 4
gitlab.slade360emr.com/go/base/cursor.go:24.16,28.3 3 0
gitlab.slade360emr.com/go/base/cursor.go:35.48,39.2 3 2
gitlab.slade360emr.com/go/base/cursor.go:42.51,44.16 2 5
gitlab.slade360emr.com/go/base/cursor.go:48.2,50.16 3 4
gitlab.slade360emr.com/go/base/cursor.go:53.2,53.18 1 4
gitlab.slade360emr.com/go/base/cursor.go:44.16,46.3 1 1
gitlab.slade360emr.com/go/base/cursor.go:50.16,52.3 1 0
gitlab.slade360emr.com/go/base/cursor.go:57.46,59.16 2 2
gitlab.slade360emr.com/go/base/cursor.go:63.2,63.16 1 2
gitlab.slade360emr.com/go/base/cursor.go:59.16,62.3 2 0
gitlab.slade360emr.com/go/base/firestore.go:23.39,28.2 4 27
gitlab.slade360emr.com/go/base/firestore.go:31.46,33.2 1 39
gitlab.slade360emr.com/go/base/firestore.go:37.40,39.2 1 39
gitlab.slade360emr.com/go/base/firestore.go:42.70,43.23 1 6
gitlab.slade360emr.com/go/base/firestore.go:48.2,48.49 1 5
gitlab.slade360emr.com/go/base/firestore.go:52.2,52.12 1 4
gitlab.slade360emr.com/go/base/firestore.go:43.23,45.3 1 1
gitlab.slade360emr.com/go/base/firestore.go:48.49,50.3 1 1
gitlab.slade360emr.com/go/base/firestore.go:57.45,58.12 1 17
gitlab.slade360emr.com/go/base/firestore.go:59.25,60.18 1 2
gitlab.slade360emr.com/go/base/firestore.go:61.34,62.19 1 1
gitlab.slade360emr.com/go/base/firestore.go:63.22,64.19 1 5
gitlab.slade360emr.com/go/base/firestore.go:65.28,66.18 1 4
gitlab.slade360emr.com/go/base/firestore.go:67.37,68.19 1 1
gitlab.slade360emr.com/go/base/firestore.go:69.19,70.19 1 1
gitlab.slade360emr.com/go/base/firestore.go:71.25,72.31 1 1
gitlab.slade360emr.com/go/base/firestore.go:73.10,74.128 1 2
gitlab.slade360emr.com/go/base/firestore.go:79.73,82.16 3 27
gitlab.slade360emr.com/go/base/firestore.go:85.2,86.16 2 27
gitlab.slade360emr.com/go/base/firestore.go:89.2,89.23 1 27
gitlab.slade360emr.com/go/base/firestore.go:82.16,84.3 1 0
gitlab.slade360emr.com/go/base/firestore.go:86.16,88.3 1 0
gitlab.slade360emr.com/go/base/firestore.go:98.29,101.16 3 17
gitlab.slade360emr.com/go/base/firestore.go:106.2,107.19 2 17
gitlab.slade360emr.com/go/base/firestore.go:144.2,144.17 1 13
gitlab.slade360emr.com/go/base/firestore.go:154.2,154.20 1 13
gitlab.slade360emr.com/go/base/firestore.go:101.16,103.3 1 0
gitlab.slade360emr.com/go/base/firestore.go:107.19,108.47 1 9
gitlab.slade360emr.com/go/base/firestore.go:108.47,110.18 2 9
gitlab.slade360emr.com/go/base/firestore.go:114.4,114.33 1 8
gitlab.slade360emr.com/go/base/firestore.go:110.18,112.5 1 1
gitlab.slade360emr.com/go/base/firestore.go:115.26,117.12 2 3
gitlab.slade360emr.com/go/base/firestore.go:120.5,121.19 2 2
gitlab.slade360emr.com/go/base/firestore.go:124.5,124.59 1 1
gitlab.slade360emr.com/go/base/firestore.go:125.26,127.12 2 2
gitlab.slade360emr.com/go/base/firestore.go:130.5,130.67 1 1
gitlab.slade360emr.com/go/base/firestore.go:131.28,133.75 1 1
gitlab.slade360emr.com/go/base/firestore.go:134.25,135.75 1 1
gitlab.slade360emr.com/go/base/firestore.go:136.25,137.75 1 1
gitlab.slade360emr.com/go/base/firestore.go:138.12,139.75 1 0
gitlab.slade360emr.com/go/base/firestore.go:117.12,119.6 1 1
gitlab.slade360emr.com/go/base/firestore.go:121.19,123.6 1 1
gitlab.slade360emr.com/go/base/firestore.go:127.12,129.6 1 1
gitlab.slade360emr.com/go/base/firestore.go:144.17,145.41 1 10
gitlab.slade360emr.com/go/base/firestore.go:145.41,146.31 1 10
gitlab.slade360emr.com/go/base/firestore.go:147.22,148.62 1 9
gitlab.slade360emr.com/go/base/firestore.go:149.23,150.63 1 1
gitlab.slade360emr.com/go/base/firestore.go:160.101,162.16 2 3
gitlab.slade360emr.com/go/base/firestore.go:165.2,169.23 3 3
gitlab.slade360emr.com/go/base/firestore.go:183.2,187.16 3 3
gitlab.slade360emr.com/go/base/firestore.go:191.2,192.27 2 3
gitlab.slade360emr.com/go/base/firestore.go:197.2,200.19 2 3
gitlab.slade360emr.com/go/base/firestore.go:213.2,213.22 1 3
gitlab.slade360emr.com/go/base/firestore.go:220.2,220.28 1 3
gitlab.slade360emr.com/go/base/firestore.go:162.16,164.3 1 0
gitlab.slade360emr.com/go/base/firestore.go:169.23,170.27 1 2
gitlab.slade360emr.com/go/base/firestore.go:176.3,176.26 1 2
gitlab.slade360emr.com/go/base/firestore.go:170.27,171.30 1 1
gitlab.slade360emr.com/go/base/firestore.go:174.4,174.31 1 1
gitlab.slade360emr.com/go/base/firestore.go:171.30,173.5 1 1
gitlab.slade360emr.com/go/base/firestore.go:176.26,177.31 1 1
gitlab.slade360emr.com/go/base/firestore.go:180.4,180.30 1 1
gitlab.slade360emr.com/go/base/firestore.go:177.31,179.5 1 1
gitlab.slade360emr.com/go/base/firestore.go:187.16,189.3 1 0
gitlab.slade360emr.com/go/base/firestore.go:192.27,194.3 1 12
gitlab.slade360emr.com/go/base/firestore.go:200.19,202.17 2 2
gitlab.slade360emr.com/go/base/firestore.go:205.3,208.17 4 2
gitlab.slade360emr.com/go/base/firestore.go:211.3,211.42 1 2
gitlab.slade360emr.com/go/base/firestore.go:202.17,204.4 1 0
gitlab.slade360emr.com/go/base/firestore.go:208.17,210.4 1 0
gitlab.slade360emr.com/go/base/firestore.go:213.22,219.3 4 2
gitlab.slade360emr.com/go/base/firestore.go:224.76,227.16 3 1
gitlab.slade360emr.com/go/base/firestore.go:230.2,231.16 2 1
gitlab.slade360emr.com/go/base/firestore.go:234.2,235.16 2 1
gitlab.slade360emr.com/go/base/firestore.go:238.2,238.18 1 1
gitlab.slade360emr.com/go/base/firestore.go:227.16,229.3 1 0
gitlab.slade360emr.com/go/base/firestore.go:231.16,233.3 1 0
gitlab.slade360emr.com/go/base/firestore.go:235.16,237.3 1 0
gitlab.slade360emr.com/go/base/firestore.go:242.74,245.16 3 2
gitlab.slade360emr.com/go/base/firestore.go:248.2,249.16 2 2
gitlab.slade360emr.com/go/base/firestore.go:252.2,252.18 1 2
gitlab.slade360emr.com/go/base/firestore.go:245.16,247.3 1 0
gitlab.slade360emr.com/go/base/firestore.go:249.16,251.3 1 0
gitlab.slade360emr.com/go/base/firestore.go:256.76,259.16 3 5
gitlab.slade360emr.com/go/base/firestore.go:265.2,266.14 2 5
gitlab.slade360emr.com/go/base/firestore.go:271.2,272.16 2 5
gitlab.slade360emr.com/go/base/firestore.go:275.2,275.35 1 5
gitlab.slade360emr.com/go/base/firestore.go:259.16,261.3 1 0
gitlab.slade360emr.com/go/base/firestore.go:266.14,269.3 2 5
gitlab.slade360emr.com/go/base/firestore.go:272.16,274.3 1 0
gitlab.slade360emr.com/go/base/firestore.go:279.79,282.16 3 1
gitlab.slade360emr.com/go/base/firestore.go:285.2,286.16 2 1
gitlab.slade360emr.com/go/base/firestore.go:289.2,289.31 1 1
gitlab.slade360emr.com/go/base/firestore.go:282.16,284.3 1 0
gitlab.slade360emr.com/go/base/firestore.go:286.16,288.3 1 0
gitlab.slade360emr.com/go/base/api_client.go:127.38,129.16 2 17
gitlab.slade360emr.com/go/base/api_client.go:132.2,133.16 2 16
gitlab.slade360emr.com/go/base/api_client.go:136.2,136.12 1 15
gitlab.slade360emr.com/go/base/api_client.go:129.16,131.3 1 1
gitlab.slade360emr.com/go/base/api_client.go:133.16,135.3 1 1
gitlab.slade360emr.com/go/base/api_client.go:140.21,142.2 1 13
gitlab.slade360emr.com/go/base/api_client.go:145.28,147.2 1 1
gitlab.slade360emr.com/go/base/api_client.go:151.51,153.18 2 224
gitlab.slade360emr.com/go/base/api_client.go:157.2,157.20 1 221
gitlab.slade360emr.com/go/base/api_client.go:153.18,156.3 2 3
gitlab.slade360emr.com/go/base/api_client.go:165.46,167.16 2 94
gitlab.slade360emr.com/go/base/api_client.go:172.2,172.12 1 93
gitlab.slade360emr.com/go/base/api_client.go:167.16,171.3 3 1
gitlab.slade360emr.com/go/base/api_client.go:176.221,188.22 3 9
gitlab.slade360emr.com/go/base/api_client.go:192.2,192.25 1 7
gitlab.slade360emr.com/go/base/api_client.go:195.2,195.16 1 7
gitlab.slade360emr.com/go/base/api_client.go:188.22,190.3 1 2
gitlab.slade360emr.com/go/base/api_client.go:192.25,194.3 1 5
gitlab.slade360emr.com/go/base/api_client.go:242.48,244.21 2 4
gitlab.slade360emr.com/go/base/api_client.go:247.2,248.19 2 3
gitlab.slade360emr.com/go/base/api_client.go:244.21,246.3 1 1
gitlab.slade360emr.com/go/base/api_client.go:252.40,253.24 1 9
gitlab.slade360emr.com/go/base/api_client.go:256.2,263.16 8 7
gitlab.slade360emr.com/go/base/api_client.go:266.2,266.103 1 4
gitlab.slade360emr.com/go/base/api_client.go:270.2,271.22 2 3
gitlab.slade360emr.com/go/base/api_client.go:274.2,275.12 2 2
gitlab.slade360emr.com/go/base/api_client.go:253.24,255.3 1 2
gitlab.slade360emr.com/go/base/api_client.go:263.16,265.3 1 3
gitlab.slade360emr.com/go/base/api_client.go:266.103,269.3 2 1
gitlab.slade360emr.com/go/base/api_client.go:271.22,273.3 1 1
gitlab.slade360emr.com/go/base/api_client.go:279.60,290.2 8 12
gitlab.slade360emr.com/go/base/api_client.go:294.45,295.55 1 14
gitlab.slade360emr.com/go/base/api_client.go:298.2,307.20 9 13
gitlab.slade360emr.com/go/base/api_client.go:310.2,310.115 1 12
gitlab.slade360emr.com/go/base/api_client.go:314.2,315.22 2 10
gitlab.slade360emr.com/go/base/api_client.go:318.2,319.12 2 9
gitlab.slade360emr.com/go/base/api_client.go:295.55,297.3 1 1
gitlab.slade360emr.com/go/base/api_client.go:307.20,309.3 1 1
gitlab.slade360emr.com/go/base/api_client.go:310.115,313.3 2 2
gitlab.slade360emr.com/go/base/api_client.go:315.22,317.3 1 1
gitlab.slade360emr.com/go/base/api_client.go:323.103,324.52 1 14
gitlab.slade360emr.com/go/base/api_client.go:330.2,331.19 2 12
gitlab.slade360emr.com/go/base/api_client.go:334.2,339.27 4 11
gitlab.slade360emr.com/go/base/api_client.go:345.2,345.15 1 11
gitlab.slade360emr.com/go/base/api_client.go:350.2,351.16 2 11
gitlab.slade360emr.com/go/base/api_client.go:354.2,355.39 2 9
gitlab.slade360emr.com/go/base/api_client.go:361.2,361.18 1 7
gitlab.slade360emr.com/go/base/api_client.go:324.52,326.24 2 3
gitlab.slade360emr.com/go/base/api_client.go:326.24,328.4 1 2
gitlab.slade360emr.com/go/base/api_client.go:331.19,333.3 1 1
gitlab.slade360emr.com/go/base/api_client.go:339.27,340.36 1 7
gitlab.slade360emr.com/go/base/api_client.go:340.36,342.4 1 7
gitlab.slade360emr.com/go/base/api_client.go:345.15,348.3 2 11
gitlab.slade360emr.com/go/base/api_client.go:351.16,353.3 1 2
gitlab.slade360emr.com/go/base/api_client.go:355.39,360.3 4 2
gitlab.slade360emr.com/go/base/api_client.go:365.43,367.19 2 20
gitlab.slade360emr.com/go/base/api_client.go:373.2,376.20 3 9
gitlab.slade360emr.com/go/base/api_client.go:380.2,381.21 2 8
gitlab.slade360emr.com/go/base/api_client.go:385.2,386.12 2 7
gitlab.slade360emr.com/go/base/api_client.go:367.19,369.3 1 11
gitlab.slade360emr.com/go/base/api_client.go:376.20,378.3 1 1
gitlab.slade360emr.com/go/base/api_client.go:381.21,383.3 1 1
gitlab.slade360emr.com/go/base/api_client.go:390.50,392.2 1 1
gitlab.slade360emr.com/go/base/api_client.go:395.45,397.2 1 16
gitlab.slade360emr.com/go/base/api_client.go:400.43,402.2 1 13
gitlab.slade360emr.com/go/base/api_client.go:405.46,407.2 1 12
gitlab.slade360emr.com/go/base/api_client.go:410.45,412.2 1 11
gitlab.slade360emr.com/go/base/api_client.go:415.40,417.2 1 10
gitlab.slade360emr.com/go/base/api_client.go:420.46,422.2 1 10
gitlab.slade360emr.com/go/base/api_client.go:425.43,427.2 1 32
gitlab.slade360emr.com/go/base/api_client.go:430.41,432.2 1 33
gitlab.slade360emr.com/go/base/api_client.go:435.42,437.2 1 34
gitlab.slade360emr.com/go/base/api_client.go:440.46,442.2 1 31
gitlab.slade360emr.com/go/base/api_client.go:445.45,447.2 1 30
gitlab.slade360emr.com/go/base/api_client.go:450.50,452.2 1 2
gitlab.slade360emr.com/go/base/api_client.go:455.43,457.2 1 26
gitlab.slade360emr.com/go/base/api_client.go:460.42,462.2 1 25
gitlab.slade360emr.com/go/base/api_client.go:465.42,467.2 1 23
gitlab.slade360emr.com/go/base/api_client.go:470.45,472.2 1 13
gitlab.slade360emr.com/go/base/api_client.go:475.59,477.2 1 7
gitlab.slade360emr.com/go/base/api_client.go:480.55,482.77 2 34
gitlab.slade360emr.com/go/base/api_client.go:487.2,488.85 2 31
gitlab.slade360emr.com/go/base/api_client.go:493.2,494.44 2 30
gitlab.slade360emr.com/go/base/api_client.go:499.2,500.34 2 28
gitlab.slade360emr.com/go/base/api_client.go:505.2,506.49 2 27
gitlab.slade360emr.com/go/base/api_client.go:511.2,512.29 2 26
gitlab.slade360emr.com/go/base/api_client.go:516.2,517.36 2 25
gitlab.slade360emr.com/go/base/api_client.go:521.2,522.42 2 23
gitlab.slade360emr.com/go/base/api_client.go:527.2,527.12 1 22
gitlab.slade360emr.com/go/base/api_client.go:482.77,485.3 2 3
gitlab.slade360emr.com/go/base/api_client.go:488.85,491.3 2 1
gitlab.slade360emr.com/go/base/api_client.go:494.44,497.3 2 2
gitlab.slade360emr.com/go/base/api_client.go:500.34,503.3 2 1
gitlab.slade360emr.com/go/base/api_client.go:506.49,509.3 2 1
gitlab.slade360emr.com/go/base/api_client.go:512.29,514.3 1 1
gitlab.slade360emr.com/go/base/api_client.go:517.36,519.3 1 2
gitlab.slade360emr.com/go/base/api_client.go:522.42,525.3 2 1
gitlab.slade360emr.com/go/base/api_client.go:531.56,533.83 2 16
gitlab.slade360emr.com/go/base/api_client.go:537.2,538.27 2 14
gitlab.slade360emr.com/go/base/api_client.go:542.2,543.85 2 13
gitlab.slade360emr.com/go/base/api_client.go:547.2,548.76 2 12
gitlab.slade360emr.com/go/base/api_client.go:552.2,553.19 2 11
gitlab.slade360emr.com/go/base/api_client.go:557.2,558.50 2 10
gitlab.slade360emr.com/go/base/api_client.go:562.2,562.12 1 9
gitlab.slade360emr.com/go/base/api_client.go:533.83,535.3 1 2
gitlab.slade360emr.com/go/base/api_client.go:538.27,540.3 1 1
gitlab.slade360emr.com/go/base/api_client.go:543.85,545.3 1 1
gitlab.slade360emr.com/go/base/api_client.go:548.76,550.3 1 1
gitlab.slade360emr.com/go/base/api_client.go:553.19,555.3 1 1
gitlab.slade360emr.com/go/base/api_client.go:558.50,560.3 1 1
gitlab.slade360emr.com/go/base/api_client.go:566.50,567.46 1 3
gitlab.slade360emr.com/go/base/api_client.go:570.2,570.12 1 1
gitlab.slade360emr.com/go/base/api_client.go:567.46,569.3 1 2
gitlab.slade360emr.com/go/base/api_client.go:574.41,575.17 1 46
gitlab.slade360emr.com/go/base/api_client.go:575.17,577.17 2 41
gitlab.slade360emr.com/go/base/api_client.go:577.17,579.4 1 1
gitlab.slade360emr.com/go/base/api_client.go:584.69,592.2 2 5
gitlab.slade360emr.com/go/base/api_client.go:594.79,598.20 4 16
gitlab.slade360emr.com/go/base/api_client.go:601.2,602.22 2 15
gitlab.slade360emr.com/go/base/api_client.go:605.2,605.30 1 12
gitlab.slade360emr.com/go/base/api_client.go:598.20,600.3 1 1
gitlab.slade360emr.com/go/base/api_client.go:602.22,604.3 1 3
gitlab.slade360emr.com/go/base/api_client.go:610.78,611.23 1 7
gitlab.slade360emr.com/go/base/api_client.go:618.2,620.25 3 6
gitlab.slade360emr.com/go/base/api_client.go:623.2,623.26 1 6
gitlab.slade360emr.com/go/base/api_client.go:631.2,632.29 2 6
gitlab.slade360emr.com/go/base/api_client.go:638.2,638.28 1 5
gitlab.slade360emr.com/go/base/api_client.go:644.2,648.20 5 4
gitlab.slade360emr.com/go/base/api_client.go:611.23,613.3 1 1
gitlab.slade360emr.com/go/base/api_client.go:620.25,622.3 1 1
gitlab.slade360emr.com/go/base/api_client.go:623.26,625.3 1 1
gitlab.slade360emr.com/go/base/api_client.go:632.29,634.17 2 2
gitlab.slade360emr.com/go/base/api_client.go:634.17,636.4 1 1
gitlab.slade360emr.com/go/base/api_client.go:638.28,640.17 2 2
gitlab.slade360emr.com/go/base/api_client.go:640.17,642.4 1 1
gitlab.slade360emr.com/go/base/api_client.go:652.54,654.31 2 2
gitlab.slade360emr.com/go/base/api_client.go:659.2,659.15 1 2
gitlab.slade360emr.com/go/base/api_client.go:654.31,655.27 1 2
gitlab.slade360emr.com/go/base/api_client.go:655.27,657.4 1 2
gitlab.slade360emr.com/go/base/api_client.go:676.72,688.16 2 2
gitlab.slade360emr.com/go/base/api_client.go:691.2,691.43 1 1
gitlab.slade360emr.com/go/base/api_client.go:688.16,690.3 1 1
gitlab.slade360emr.com/go/base/api_client.go:695.124,699.16 3 1
gitlab.slade360emr.com/go/base/api_client.go:703.2,703.34 1 1
gitlab.slade360emr.com/go/base/api_client.go:706.2,709.23 3 1
gitlab.slade360emr.com/go/base/api_client.go:699.16,701.3 1 0
gitlab.slade360emr.com/go/base/api_client.go:703.34,705.3 1 1
gitlab.slade360emr.com/go/base/firebase_mocks.go:26.74,28.2 1 5
gitlab.slade360emr.com/go/base/firebase_mocks.go:31.87,33.2 1 0
gitlab.slade360emr.com/go/base/firebase_mocks.go:36.86,38.2 1 0
gitlab.slade360emr.com/go/base/firebase_mocks.go:41.86,43.2 1 0
gitlab.slade360emr.com/go/base/firebase_mocks.go:54.68,56.2 1 8
gitlab.slade360emr.com/go/base/firebase_mocks.go:59.118,61.2 1 0
gitlab.slade360emr.com/go/base/helpers.go:11.68,14.16 3 1
gitlab.slade360emr.com/go/base/helpers.go:17.2,17.50 1 1
gitlab.slade360emr.com/go/base/helpers.go:14.16,16.3 1 0
gitlab.slade360emr.com/go/base/io_mocks.go:12.39,12.71 1 1
gitlab.slade360emr.com/go/base/io_mocks.go:15.59,17.2 1 0
gitlab.slade360emr.com/go/base/io_mocks.go:23.38,23.52 1 1
gitlab.slade360emr.com/go/base/io_mocks.go:26.58,26.90 1 1
gitlab.slade360emr.com/go/base/io_mocks.go:32.85,34.2 1 6
gitlab.slade360emr.com/go/base/io_mocks.go:37.60,41.2 1 6
gitlab.slade360emr.com/go/base/terms.go:120.41,122.2 1 1
gitlab.slade360emr.com/go/base/terms.go:125.41,127.2 1 1
gitlab.slade360emr.com/go/base/test_utils.go:22.60,27.2 4 4
gitlab.slade360emr.com/go/base/test_utils.go:31.83,36.2 4 1
gitlab.slade360emr.com/go/base/test_utils.go:38.66,62.2 18 5
gitlab.slade360emr.com/go/base/server_utils.go:103.21,105.16 2 1
gitlab.slade360emr.com/go/base/server_utils.go:108.2,108.52 1 1
gitlab.slade360emr.com/go/base/server_utils.go:105.16,107.3 1 0
gitlab.slade360emr.com/go/base/server_utils.go:113.29,115.16 2 1
gitlab.slade360emr.com/go/base/server_utils.go:118.2,119.16 2 1
gitlab.slade360emr.com/go/base/server_utils.go:115.16,117.3 1 1
gitlab.slade360emr.com/go/base/server_utils.go:123.58,124.14 1 18
gitlab.slade360emr.com/go/base/server_utils.go:127.2,127.21 1 17
gitlab.slade360emr.com/go/base/server_utils.go:130.2,131.22 2 16
gitlab.slade360emr.com/go/base/server_utils.go:134.2,134.55 1 11
gitlab.slade360emr.com/go/base/server_utils.go:137.2,138.23 2 8
gitlab.slade360emr.com/go/base/server_utils.go:124.14,126.3 1 1
gitlab.slade360emr.com/go/base/server_utils.go:127.21,129.3 1 1
gitlab.slade360emr.com/go/base/server_utils.go:131.22,133.3 1 5
gitlab.slade360emr.com/go/base/server_utils.go:134.55,136.3 1 3
gitlab.slade360emr.com/go/base/server_utils.go:142.44,146.2 3 20
gitlab.slade360emr.com/go/base/server_utils.go:155.116,157.28 2 8
gitlab.slade360emr.com/go/base/server_utils.go:161.2,162.16 2 4
gitlab.slade360emr.com/go/base/server_utils.go:166.2,166.30 1 3
gitlab.slade360emr.com/go/base/server_utils.go:157.28,159.3 1 4
gitlab.slade360emr.com/go/base/server_utils.go:162.16,164.3 1 1
gitlab.slade360emr.com/go/base/server_utils.go:170.63,171.46 1 1
gitlab.slade360emr.com/go/base/server_utils.go:171.46,173.49 1 1
gitlab.slade360emr.com/go/base/server_utils.go:173.49,175.19 2 2
gitlab.slade360emr.com/go/base/server_utils.go:178.5,179.19 2 2
gitlab.slade360emr.com/go/base/server_utils.go:182.5,182.18 1 2
gitlab.slade360emr.com/go/base/server_utils.go:185.5,186.25 2 2
gitlab.slade360emr.com/go/base/server_utils.go:175.19,177.6 1 0
gitlab.slade360emr.com/go/base/server_utils.go:179.19,181.6 1 0
gitlab.slade360emr.com/go/base/server_utils.go:182.18,184.6 1 2
gitlab.slade360emr.com/go/base/server_utils.go:193.89,199.46 2 1
gitlab.slade360emr.com/go/base/server_utils.go:199.46,201.49 1 1
gitlab.slade360emr.com/go/base/server_utils.go:201.49,205.42 2 2
gitlab.slade360emr.com/go/base/server_utils.go:221.5,221.56 1 1
gitlab.slade360emr.com/go/base/server_utils.go:205.42,207.24 2 2
gitlab.slade360emr.com/go/base/server_utils.go:216.6,216.33 1 1
gitlab.slade360emr.com/go/base/server_utils.go:207.24,215.7 4 1
gitlab.slade360emr.com/go/base/server_utils.go:229.54,231.16 2 2
gitlab.slade360emr.com/go/base/server_utils.go:231.16,232.25 1 1
gitlab.slade360emr.com/go/base/server_utils.go:235.3,235.73 1 1
gitlab.slade360emr.com/go/base/server_utils.go:232.25,234.4 1 1
gitlab.slade360emr.com/go/base/server_utils.go:240.97,242.19 2 6
gitlab.slade360emr.com/go/base/server_utils.go:242.19,245.3 2 1
gitlab.slade360emr.com/go/base/server_utils.go:250.102,253.17 3 2
gitlab.slade360emr.com/go/base/server_utils.go:257.2,257.13 1 1
gitlab.slade360emr.com/go/base/server_utils.go:253.17,256.3 2 1
gitlab.slade360emr.com/go/base/server_utils.go:262.77,264.16 2 2
gitlab.slade360emr.com/go/base/server_utils.go:269.2,271.16 3 2
gitlab.slade360emr.com/go/base/server_utils.go:276.2,276.21 1 1
gitlab.slade360emr.com/go/base/server_utils.go:264.16,267.3 2 0
gitlab.slade360emr.com/go/base/server_utils.go:271.16,274.3 2 1
gitlab.slade360emr.com/go/base/server_utils.go:281.64,283.20 2 3
gitlab.slade360emr.com/go/base/server_utils.go:287.2,287.18 1 2
gitlab.slade360emr.com/go/base/server_utils.go:283.20,286.3 2 1
gitlab.slade360emr.com/go/base/server_utils.go:292.138,294.20 2 2
gitlab.slade360emr.com/go/base/server_utils.go:298.2,298.19 1 1
gitlab.slade360emr.com/go/base/server_utils.go:294.20,297.3 2 1
gitlab.slade360emr.com/go/base/server_utils.go:301.97,304.22 3 3
gitlab.slade360emr.com/go/base/server_utils.go:308.2,308.21 1 2
gitlab.slade360emr.com/go/base/server_utils.go:304.22,307.3 2 1
gitlab.slade360emr.com/go/base/server_utils.go:311.69,313.16 2 3
gitlab.slade360emr.com/go/base/server_utils.go:316.2,321.39 6 3
gitlab.slade360emr.com/go/base/server_utils.go:313.16,315.3 1 0
gitlab.slade360emr.com/go/base/server_utils.go:324.137,326.20 2 5
gitlab.slade360emr.com/go/base/server_utils.go:330.2,330.103 1 4
gitlab.slade360emr.com/go/base/server_utils.go:335.2,335.13 1 2
gitlab.slade360emr.com/go/base/server_utils.go:326.20,329.3 2 1
gitlab.slade360emr.com/go/base/server_utils.go:330.103,334.3 3 2
gitlab.slade360emr.com/go/base/server_utils.go:338.111,340.18 2 6
gitlab.slade360emr.com/go/base/server_utils.go:345.2,346.18 2 5
gitlab.slade360emr.com/go/base/server_utils.go:351.2,352.22 2 4
gitlab.slade360emr.com/go/base/server_utils.go:340.18,343.3 2 1
gitlab.slade360emr.com/go/base/server_utils.go:346.18,349.3 2 1
gitlab.slade360emr.com/go/base/server_utils.go:352.22,355.3 2 3
gitlab.slade360emr.com/go/base/server_utils.go:359.63,360.54 1 1
gitlab.slade360emr.com/go/base/server_utils.go:360.54,366.18 5 2
gitlab.slade360emr.com/go/base/server_utils.go:372.3,373.33 2 1
gitlab.slade360emr.com/go/base/server_utils.go:380.3,386.55 2 1
gitlab.slade360emr.com/go/base/server_utils.go:366.18,371.4 4 1
gitlab.slade360emr.com/go/base/server_utils.go:373.33,378.4 4 0
gitlab.slade360emr.com/go/base/server_utils.go:391.78,392.54 1 1
gitlab.slade360emr.com/go/base/server_utils.go:392.54,396.3 3 2
gitlab.slade360emr.com/go/base/server_utils.go:400.62,403.16 2 4
gitlab.slade360emr.com/go/base/server_utils.go:412.2,413.16 2 4
gitlab.slade360emr.com/go/base/server_utils.go:420.2,425.28 2 4
gitlab.slade360emr.com/go/base/server_utils.go:433.2,433.16 1 4
gitlab.slade360emr.com/go/base/server_utils.go:439.2,445.16 3 4
gitlab.slade360emr.com/go/base/server_utils.go:452.2,460.16 3 4
gitlab.slade360emr.com/go/base/server_utils.go:470.2,470.20 1 4
gitlab.slade360emr.com/go/base/server_utils.go:403.16,409.3 2 0
gitlab.slade360emr.com/go/base/server_utils.go:413.16,419.3 2 0
gitlab.slade360emr.com/go/base/server_utils.go:425.28,431.4 1 2
gitlab.slade360emr.com/go/base/server_utils.go:433.16,438.3 2 0
gitlab.slade360emr.com/go/base/server_utils.go:445.16,451.3 2 0
gitlab.slade360emr.com/go/base/server_utils.go:460.16,468.3 2 0
gitlab.slade360emr.com/go/base/server_utils.go:476.79,479.16 3 16
gitlab.slade360emr.com/go/base/server_utils.go:485.2,487.16 3 16
gitlab.slade360emr.com/go/base/server_utils.go:479.16,483.3 3 0
gitlab.slade360emr.com/go/base/server_utils.go:487.16,492.3 3 0
gitlab.slade360emr.com/go/base/server_utils.go:495.67,497.16 2 4
gitlab.slade360emr.com/go/base/server_utils.go:497.16,499.3 1 0
gitlab.slade360emr.com/go/base/server_utils.go:502.70,504.16 2 4
gitlab.slade360emr.com/go/base/server_utils.go:504.16,506.3 1 0
gitlab.slade360emr.com/go/base/api_client_mocks.go:62.46,64.2 1 0
gitlab.slade360emr.com/go/base/api_client_mocks.go:67.48,69.2 1 0
gitlab.slade360emr.com/go/base/api_client_mocks.go:72.43,74.2 1 1
gitlab.slade360emr.com/go/base/api_client_mocks.go:77.41,79.2 1 1
gitlab.slade360emr.com/go/base/api_client_mocks.go:82.44,84.2 1 1
gitlab.slade360emr.com/go/base/api_client_mocks.go:87.43,89.2 1 1
gitlab.slade360emr.com/go/base/api_client_mocks.go:92.38,94.2 1 1
gitlab.slade360emr.com/go/base/api_client_mocks.go:97.44,99.2 1 1
gitlab.slade360emr.com/go/base/api_client_mocks.go:102.43,104.2 1 2
gitlab.slade360emr.com/go/base/api_client_mocks.go:107.38,109.2 1 0
gitlab.slade360emr.com/go/base/api_client_mocks.go:112.43,114.2 1 0
gitlab.slade360emr.com/go/base/api_client_mocks.go:118.91,120.2 1 0
gitlab.slade360emr.com/go/base/api_client_mocks.go:123.41,125.2 1 0
gitlab.slade360emr.com/go/base/api_client_mocks.go:128.39,130.2 1 0
gitlab.slade360emr.com/go/base/api_client_mocks.go:133.38,135.2 1 0
gitlab.slade360emr.com/go/base/api_client_mocks.go:138.40,140.2 1 0
gitlab.slade360emr.com/go/base/api_client_mocks.go:143.44,145.2 1 0
gitlab.slade360emr.com/go/base/api_client_mocks.go:148.43,150.2 1 0
gitlab.slade360emr.com/go/base/api_client_mocks.go:153.48,155.2 1 0
gitlab.slade360emr.com/go/base/api_client_mocks.go:158.41,160.2 1 0
gitlab.slade360emr.com/go/base/api_client_mocks.go:163.40,165.2 1 0
gitlab.slade360emr.com/go/base/api_client_mocks.go:168.40,170.2 1 0
gitlab.slade360emr.com/go/base/api_client_mocks.go:173.58,175.2 1 0
gitlab.slade360emr.com/go/base/api_client_mocks.go:178.57,180.2 1 0
gitlab.slade360emr.com/go/base/converters.go:15.68,17.16 2 4
gitlab.slade360emr.com/go/base/converters.go:20.2,22.16 3 4
gitlab.slade360emr.com/go/base/converters.go:25.2,25.17 1 4
gitlab.slade360emr.com/go/base/converters.go:17.16,19.3 1 0
gitlab.slade360emr.com/go/base/converters.go:22.16,24.3 1 0
gitlab.slade360emr.com/go/base/converters.go:33.84,35.23 2 2
gitlab.slade360emr.com/go/base/converters.go:42.2,42.17 1 1
gitlab.slade360emr.com/go/base/converters.go:35.23,37.10 2 3
gitlab.slade360emr.com/go/base/converters.go:40.3,40.13 1 2
gitlab.slade360emr.com/go/base/converters.go:37.10,39.4 1 1
gitlab.slade360emr.com/go/base/converters.go:48.69,50.16 2 3
gitlab.slade360emr.com/go/base/converters.go:53.2,53.24 1 2
gitlab.slade360emr.com/go/base/converters.go:57.2,57.12 1 2
gitlab.slade360emr.com/go/base/converters.go:50.16,52.3 1 1
gitlab.slade360emr.com/go/base/converters.go:53.24,56.3 2 2
gitlab.slade360emr.com/go/base/converters.go:66.72,68.16 2 3
gitlab.slade360emr.com/go/base/converters.go:71.2,71.24 1 2
gitlab.slade360emr.com/go/base/converters.go:80.2,80.12 1 2
gitlab.slade360emr.com/go/base/converters.go:68.16,70.3 1 1
gitlab.slade360emr.com/go/base/converters.go:71.24,73.10 2 2
gitlab.slade360emr.com/go/base/converters.go:78.3,78.15 1 2
gitlab.slade360emr.com/go/base/converters.go:73.10,77.4 2 1
gitlab.slade360emr.com/go/base/converters.go:85.65,87.29 2 1
gitlab.slade360emr.com/go/base/converters.go:90.2,90.30 1 1
gitlab.slade360emr.com/go/base/converters.go:87.29,89.3 1 3
gitlab.slade360emr.com/go/base/enums.go:32.32,33.11 1 4
gitlab.slade360emr.com/go/base/enums.go:37.2,37.14 1 2
gitlab.slade360emr.com/go/base/enums.go:34.60,35.14 1 2
gitlab.slade360emr.com/go/base/enums.go:40.33,42.2 1 5
gitlab.slade360emr.com/go/base/enums.go:45.52,47.9 2 3
gitlab.slade360emr.com/go/base/enums.go:51.2,52.18 2 2
gitlab.slade360emr.com/go/base/enums.go:55.2,55.12 1 1
gitlab.slade360emr.com/go/base/enums.go:47.9,49.3 1 1
gitlab.slade360emr.com/go/base/enums.go:52.18,54.3 1 1
gitlab.slade360emr.com/go/base/enums.go:59.41,61.2 1 1
gitlab.slade360emr.com/go/base/enums.go:93.35,94.11 1 4
gitlab.slade360emr.com/go/base/enums.go:98.2,98.14 1 2
gitlab.slade360emr.com/go/base/enums.go:95.96,96.14 1 2
gitlab.slade360emr.com/go/base/enums.go:102.36,104.2 1 2
gitlab.slade360emr.com/go/base/enums.go:108.55,110.9 2 3
gitlab.slade360emr.com/go/base/enums.go:114.2,115.18 2 2
gitlab.slade360emr.com/go/base/enums.go:118.2,118.12 1 1
gitlab.slade360emr.com/go/base/enums.go:110.9,112.3 1 1
gitlab.slade360emr.com/go/base/enums.go:115.18,117.3 1 1
gitlab.slade360emr.com/go/base/enums.go:122.44,124.2 1 1
gitlab.slade360emr.com/go/base/enums.go:166.35,167.11 1 4
gitlab.slade360emr.com/go/base/enums.go:171.2,171.14 1 2
gitlab.slade360emr.com/go/base/enums.go:168.154,169.14 1 2
gitlab.slade360emr.com/go/base/enums.go:175.36,177.2 1 2
gitlab.slade360emr.com/go/base/enums.go:180.55,182.9 2 3
gitlab.slade360emr.com/go/base/enums.go:186.2,187.18 2 2
gitlab.slade360emr.com/go/base/enums.go:190.2,190.12 1 1
gitlab.slade360emr.com/go/base/enums.go:182.9,184.3 1 1
gitlab.slade360emr.com/go/base/enums.go:187.18,189.3 1 1
gitlab.slade360emr.com/go/base/enums.go:194.44,196.2 1 1
gitlab.slade360emr.com/go/base/enums.go:216.35,217.11 1 2
gitlab.slade360emr.com/go/base/enums.go:221.2,221.14 1 1
gitlab.slade360emr.com/go/base/enums.go:218.35,219.14 1 1
gitlab.slade360emr.com/go/base/enums.go:225.36,227.2 1 2
gitlab.slade360emr.com/go/base/enums.go:231.55,233.9 2 3
gitlab.slade360emr.com/go/base/enums.go:237.2,238.18 2 2
gitlab.slade360emr.com/go/base/enums.go:241.2,241.12 1 1
gitlab.slade360emr.com/go/base/enums.go:233.9,235.3 1 1
gitlab.slade360emr.com/go/base/enums.go:238.18,240.3 1 1
gitlab.slade360emr.com/go/base/enums.go:245.44,247.2 1 1
gitlab.slade360emr.com/go/base/enums.go:267.37,268.11 1 0
gitlab.slade360emr.com/go/base/enums.go:272.2,272.14 1 0
gitlab.slade360emr.com/go/base/enums.go:269.54,270.14 1 0
gitlab.slade360emr.com/go/base/enums.go:275.38,277.2 1 0
gitlab.slade360emr.com/go/base/enums.go:280.57,282.9 2 0
gitlab.slade360emr.com/go/base/enums.go:286.2,287.18 2 0
gitlab.slade360emr.com/go/base/enums.go:290.2,290.12 1 0
gitlab.slade360emr.com/go/base/enums.go:282.9,284.3 1 0
gitlab.slade360emr.com/go/base/enums.go:287.18,289.3 1 0
gitlab.slade360emr.com/go/base/enums.go:294.46,296.16 2 0
gitlab.slade360emr.com/go/base/enums.go:296.16,298.3 1 0
gitlab.slade360emr.com/go/base/enums.go:329.34,330.11 1 0
gitlab.slade360emr.com/go/base/enums.go:334.2,334.14 1 0
gitlab.slade360emr.com/go/base/enums.go:331.30,332.14 1 0
gitlab.slade360emr.com/go/base/enums.go:337.35,339.2 1 0
gitlab.slade360emr.com/go/base/enums.go:342.54,344.9 2 0
gitlab.slade360emr.com/go/base/enums.go:348.2,349.18 2 0
gitlab.slade360emr.com/go/base/enums.go:352.2,352.12 1 0
gitlab.slade360emr.com/go/base/enums.go:344.9,346.3 1 0
gitlab.slade360emr.com/go/base/enums.go:349.18,351.3 1 0
gitlab.slade360emr.com/go/base/enums.go:356.43,358.16 2 0
gitlab.slade360emr.com/go/base/enums.go:358.16,360.3 1 0
gitlab.slade360emr.com/go/base/enums.go:441.47,442.11 1 0
gitlab.slade360emr.com/go/base/enums.go:446.2,446.14 1 0
gitlab.slade360emr.com/go/base/enums.go:443.1238,444.14 1 0
gitlab.slade360emr.com/go/base/enums.go:449.48,451.2 1 0
gitlab.slade360emr.com/go/base/enums.go:454.67,456.9 2 0
gitlab.slade360emr.com/go/base/enums.go:460.2,461.18 2 0
gitlab.slade360emr.com/go/base/enums.go:464.2,464.12 1 0
gitlab.slade360emr.com/go/base/enums.go:456.9,458.3 1 0
gitlab.slade360emr.com/go/base/enums.go:461.18,463.3 1 0
gitlab.slade360emr.com/go/base/enums.go:468.56,470.16 2 0
gitlab.slade360emr.com/go/base/enums.go:470.16,472.3 1 0
gitlab.slade360emr.com/go/base/firebase.go:80.64,82.16 2 78
gitlab.slade360emr.com/go/base/firebase.go:89.2,92.3 1 78
gitlab.slade360emr.com/go/base/firebase.go:82.16,88.3 1 0
gitlab.slade360emr.com/go/base/firebase.go:98.137,100.22 2 20
gitlab.slade360emr.com/go/base/firebase.go:104.2,113.16 6 20
gitlab.slade360emr.com/go/base/firebase.go:117.2,117.38 1 19
gitlab.slade360emr.com/go/base/firebase.go:122.2,124.25 3 16
gitlab.slade360emr.com/go/base/firebase.go:127.2,127.24 1 15
gitlab.slade360emr.com/go/base/firebase.go:100.22,102.3 1 0
gitlab.slade360emr.com/go/base/firebase.go:113.16,115.3 1 1
gitlab.slade360emr.com/go/base/firebase.go:117.38,121.3 2 3
gitlab.slade360emr.com/go/base/firebase.go:124.25,126.3 1 1
gitlab.slade360emr.com/go/base/firebase.go:132.101,134.16 2 16
gitlab.slade360emr.com/go/base/firebase.go:137.2,137.41 1 14
gitlab.slade360emr.com/go/base/firebase.go:134.16,136.3 1 2
gitlab.slade360emr.com/go/base/firebase.go:142.111,144.16 2 20
gitlab.slade360emr.com/go/base/firebase.go:147.2,148.20 2 18
gitlab.slade360emr.com/go/base/firebase.go:153.2,158.22 3 3
gitlab.slade360emr.com/go/base/firebase.go:161.2,161.21 1 1
gitlab.slade360emr.com/go/base/firebase.go:144.16,146.3 1 2
gitlab.slade360emr.com/go/base/firebase.go:148.20,150.3 1 15
gitlab.slade360emr.com/go/base/firebase.go:158.22,160.3 1 2
gitlab.slade360emr.com/go/base/firebase.go:165.91,167.16 2 36
gitlab.slade360emr.com/go/base/firebase.go:170.2,171.16 2 34
gitlab.slade360emr.com/go/base/firebase.go:174.2,174.20 1 32
gitlab.slade360emr.com/go/base/firebase.go:167.16,169.3 1 2
gitlab.slade360emr.com/go/base/firebase.go:171.16,173.3 1 2
gitlab.slade360emr.com/go/base/firebase.go:178.108,180.22 2 12
gitlab.slade360emr.com/go/base/firebase.go:183.2,184.22 2 11
gitlab.slade360emr.com/go/base/firebase.go:187.2,187.27 1 9
gitlab.slade360emr.com/go/base/firebase.go:180.22,182.3 1 1
gitlab.slade360emr.com/go/base/firebase.go:184.22,186.3 1 2
gitlab.slade360emr.com/go/base/firebase.go:194.36,197.16 3 10
gitlab.slade360emr.com/go/base/firebase.go:200.2,200.23 1 10
gitlab.slade360emr.com/go/base/firebase.go:197.16,199.3 1 0
gitlab.slade360emr.com/go/base/firebase.go:211.9,214.16 3 3
gitlab.slade360emr.com/go/base/firebase.go:217.2,217.12 1 3
gitlab.slade360emr.com/go/base/firebase.go:214.16,216.3 1 0
gitlab.slade360emr.com/go/base/firebase.go:221.38,223.2 1 1
gitlab.slade360emr.com/go/base/firebase.go:226.72,228.16 2 2
gitlab.slade360emr.com/go/base/firebase.go:233.2,234.9 2 1
gitlab.slade360emr.com/go/base/firebase.go:237.2,237.19 1 1
gitlab.slade360emr.com/go/base/firebase.go:228.16,231.3 1 1
gitlab.slade360emr.com/go/base/firebase.go:234.9,236.3 1 0
gitlab.slade360emr.com/go/base/models_base.go:32.36,32.58 1 12
gitlab.slade360emr.com/go/base/models_base.go:35.35,37.2 1 2
gitlab.slade360emr.com/go/base/models_base.go:41.38,45.2 3 1
gitlab.slade360emr.com/go/base/models_base.go:56.34,58.2 1 1
gitlab.slade360emr.com/go/base/models_base.go:96.27,96.28 0 1
gitlab.slade360emr.com/go/base/models_base.go:99.28,101.2 1 13
gitlab.slade360emr.com/go/base/models_base.go:104.34,106.2 1 6
